TN:
SF:src/genDiff.js
FN:6,fileReader
FN:11,fileExtReader
FN:13,genDiff
FNF:3
FNH:3
FNDA:2,fileReader
FNDA:2,fileExtReader
FNDA:1,genDiff
DA:1,1
DA:2,1
DA:3,1
DA:4,1
DA:5,1
DA:6,1
DA:7,2
DA:8,2
DA:9,2
DA:10,1
DA:11,1
DA:12,1
DA:13,1
DA:14,1
DA:15,1
DA:16,1
DA:17,1
DA:18,1
DA:19,1
DA:20,1
DA:21,1
DA:22,1
DA:23,1
DA:24,1
DA:25,1
DA:26,1
DA:27,5
DA:28,1
DA:29,5
DA:30,4
DA:31,3
DA:32,3
DA:33,4
DA:34,2
DA:35,2
DA:36,4
DA:37,5
DA:38,1
DA:39,1
DA:40,1
DA:41,1
DA:42,1
DA:43,1
DA:44,1
LF:44
LH:44
BRDA:6,0,0,2
BRDA:11,1,0,2
BRDA:13,2,0,1
BRDA:26,3,0,5
BRDA:27,4,0,1
BRDA:29,5,0,4
BRDA:30,6,0,3
BRDA:33,7,0,2
BRF:8
BRH:8
end_of_record
TN:
SF:src/parseData.js
FN:1,dataParse
FNF:1
FNH:1
FNDA:2,dataParse
DA:1,1
DA:2,2
DA:3,2
DA:4,2
DA:5,0
DA:6,0
DA:7,1
DA:8,1
LF:8
LH:6
BRDA:1,0,0,2
BRDA:4,1,0,0
BRF:2
BRH:1
end_of_record
